<?xml version="1.0" encoding="UTF-8"?>
<!-- Generated by org.testng.reporters.JUnitReportReporter -->
<testsuite hostname="DESKTOP-GJMMGMN" failures="0" tests="1" name="pages.HomePage" time="9.840" errors="0" timestamp="2022-04-05T21:23:17 IST" skipped="0">
  <testcase classname="pages.HomePage" name="loadHomePage" time="9.840"/>
  <system-out/>
</testsuite> <!-- pages.HomePage -->
